# JRE version: Java(TM) SE Runtime Environment (8.0_421) (build 1.8.0_421-b09)
# Java VM: Java HotSpot(TM) 64-Bit Server VM (25.421-b09 mixed mode windows-amd64 compressed oops)
Heap:
 PSYoungGen      total 33280K, used 3441K [0x00000000db180000, 0x00000000dd680000, 0x0000000100000000)
  eden space 28672K, 12% used [0x00000000db180000,0x00000000db4dc408,0x00000000dcd80000)
  from space 4608K, 0% used [0x00000000dd200000,0x00000000dd200000,0x00000000dd680000)
  to   space 4608K, 0% used [0x00000000dcd80000,0x00000000dcd80000,0x00000000dd200000)
 ParOldGen       total 76800K, used 6673K [0x0000000091400000, 0x0000000095f00000, 0x00000000db180000)
  object space 76800K, 8% used [0x0000000091400000,0x0000000091a846c8,0x0000000095f00000)
 Metaspace       used 6271K, capacity 6524K, committed 6784K, reserved 1056768K
  class space    used 718K, capacity 813K, committed 896K, reserved 1048576K
GC Heap History (8 events):
Event: 0.504 GC heap before
{Heap before GC invocations=1 (full 0):
 PSYoungGen      total 33280K, used 4588K [0x00000000db180000, 0x00000000dd680000, 0x0000000100000000)
  eden space 28672K, 16% used [0x00000000db180000,0x00000000db5fb2d8,0x00000000dcd80000)
  from space 4608K, 0% used [0x00000000dd200000,0x00000000dd200000,0x00000000dd680000)
  to   space 4608K, 0% used [0x00000000dcd80000,0x00000000dcd80000,0x00000000dd200000)
 ParOldGen       total 76800K, used 0K [0x0000000091400000, 0x0000000095f00000, 0x00000000db180000)
  object space 76800K, 0% used [0x0000000091400000,0x0000000091400000,0x0000000095f00000)
 Metaspace       used 5077K, capacity 5260K, committed 5376K, reserved 1056768K
  class space    used 596K, capacity 670K, committed 768K, reserved 1048576K
Event: 0.507 GC heap after
Heap after GC invocations=1 (full 0):
 PSYoungGen      total 33280K, used 1056K [0x00000000db180000, 0x00000000dd680000, 0x0000000100000000)
  eden space 28672K, 0% used [0x00000000db180000,0x00000000db180000,0x00000000dcd80000)
  from space 4608K, 22% used [0x00000000dcd80000,0x00000000dce88020,0x00000000dd200000)
  to   space 4608K, 0% used [0x00000000dd200000,0x00000000dd200000,0x00000000dd680000)
 ParOldGen       total 76800K, used 8K [0x0000000091400000, 0x0000000095f00000, 0x00000000db180000)
  object space 76800K, 0% used [0x0000000091400000,0x0000000091402000,0x0000000095f00000)
 Metaspace       used 5077K, capacity 5260K, committed 5376K, reserved 1056768K
  class space    used 596K, capacity 670K, committed 768K, reserved 1048576K
}
Event: 0.507 GC heap before
{Heap before GC invocations=2 (full 1):
 PSYoungGen      total 33280K, used 1056K [0x00000000db180000, 0x00000000dd680000, 0x0000000100000000)
  eden space 28672K, 0% used [0x00000000db180000,0x00000000db180000,0x00000000dcd80000)
  from space 4608K, 22% used [0x00000000dcd80000,0x00000000dce88020,0x00000000dd200000)
  to   space 4608K, 0% used [0x00000000dd200000,0x00000000dd200000,0x00000000dd680000)
 ParOldGen       total 76800K, used 8K [0x0000000091400000, 0x0000000095f00000, 0x00000000db180000)
  object space 76800K, 0% used [0x0000000091400000,0x0000000091402000,0x0000000095f00000)
 Metaspace       used 5077K, capacity 5260K, committed 5376K, reserved 1056768K
  class space    used 596K, capacity 670K, committed 768K, reserved 1048576K
Event: 0.524 GC heap after
Heap after GC invocations=2 (full 1):
 PSYoungGen      total 33280K, used 0K [0x00000000db180000, 0x00000000dd680000, 0x0000000100000000)
  eden space 28672K, 0% used [0x00000000db180000,0x00000000db180000,0x00000000dcd80000)
  from space 4608K, 0% used [0x00000000dcd80000,0x00000000dcd80000,0x00000000dd200000)
  to   space 4608K, 0% used [0x00000000dd200000,0x00000000dd200000,0x00000000dd680000)
 ParOldGen       total 76800K, used 970K [0x0000000091400000, 0x0000000095f00000, 0x00000000db180000)
  object space 76800K, 1% used [0x0000000091400000,0x00000000914f2a98,0x0000000095f00000)
 Metaspace       used 5077K, capacity 5260K, committed 5376K, reserved 1056768K
  class space    used 596K, capacity 670K, committed 768K, reserved 1048576K
}
Event: 1.203 GC heap before
{Heap before GC invocations=3 (full 1):
 PSYoungGen      total 33280K, used 11216K [0x00000000db180000, 0x00000000dd680000, 0x0000000100000000)
  eden space 28672K, 39% used [0x00000000db180000,0x00000000dbc74180,0x00000000dcd80000)
  from space 4608K, 0% used [0x00000000dcd80000,0x00000000dcd80000,0x00000000dd200000)
  to   space 4608K, 0% used [0x00000000dd200000,0x00000000dd200000,0x00000000dd680000)
 ParOldGen       total 76800K, used 970K [0x0000000091400000, 0x0000000095f00000, 0x00000000db180000)
  object space 76800K, 1% used [0x0000000091400000,0x00000000914f2a98,0x0000000095f00000)
 Metaspace       used 6060K, capacity 6246K, committed 6528K, reserved 1056768K
  class space    used 697K, capacity 807K, committed 896K, reserved 1048576K
Event: 1.221 GC heap after
Heap after GC invocations=3 (full 1):
 PSYoungGen      total 33280K, used 4576K [0x00000000db180000, 0x00000000dd680000, 0x0000000100000000)
  eden space 28672K, 0% used [0x00000000db180000,0x00000000db180000,0x00000000dcd80000)
  from space 4608K, 99% used [0x00000000dd200000,0x00000000dd678298,0x00000000dd680000)
  to   space 4608K, 0% used [0x00000000dcd80000,0x00000000dcd80000,0x00000000dd200000)
 ParOldGen       total 76800K, used 2207K [0x0000000091400000, 0x0000000095f00000, 0x00000000db180000)
  object space 76800K, 2% used [0x0000000091400000,0x0000000091627f90,0x0000000095f00000)
 Metaspace       used 6060K, capacity 6246K, committed 6528K, reserved 1056768K
  class space    used 697K, capacity 807K, committed 896K, reserved 1048576K
}
Event: 1.221 GC heap before
{Heap before GC invocations=4 (full 2):
 PSYoungGen      total 33280K, used 4576K [0x00000000db180000, 0x00000000dd680000, 0x0000000100000000)
  eden space 28672K, 0% used [0x00000000db180000,0x00000000db180000,0x00000000dcd80000)
  from space 4608K, 99% used [0x00000000dd200000,0x00000000dd678298,0x00000000dd680000)
  to   space 4608K, 0% used [0x00000000dcd80000,0x00000000dcd80000,0x00000000dd200000)
 ParOldGen       total 76800K, used 2207K [0x0000000091400000, 0x0000000095f00000, 0x00000000db180000)
  object space 76800K, 2% used [0x0000000091400000,0x0000000091627f90,0x0000000095f00000)
 Metaspace       used 6060K, capacity 6246K, committed 6528K, reserved 1056768K
  class space    used 697K, capacity 807K, committed 896K, reserved 1048576K
Event: 1.299 GC heap after
Heap after GC invocations=4 (full 2):
 PSYoungGen      total 33280K, used 0K [0x00000000db180000, 0x00000000dd680000, 0x0000000100000000)
  eden space 28672K, 0% used [0x00000000db180000,0x00000000db180000,0x00000000dcd80000)
  from space 4608K, 0% used [0x00000000dd200000,0x00000000dd200000,0x00000000dd680000)
  to   space 4608K, 0% used [0x00000000dcd80000,0x00000000dcd80000,0x00000000dd200000)
 ParOldGen       total 76800K, used 6673K [0x0000000091400000, 0x0000000095f00000, 0x00000000db180000)
  object space 76800K, 8% used [0x0000000091400000,0x0000000091a846c8,0x0000000095f00000)
 Metaspace       used 6060K, capacity 6246K, committed 6528K, reserved 1056768K
  class space    used 697K, capacity 807K, committed 896K, reserved 1048576K
}

